Could not open input file: /home/shakuyaku/coachtech/advanced/advanced-case/artisan
Could not open input file: /home/shakuyaku/coachtech/advanced/advanced-case/artisan
Could not open input file: /home/shakuyaku/coachtech/advanced/advanced-case/artisan
Could not open input file: /home/shakuyaku/coachtech/advanced/advanced-case/artisan
Could not open input file: /home/shakuyaku/coachtech/advanced/advanced-case/artisan
Could not open input file: /home/shakuyaku/coachtech/advanced/advanced-case/artisan
Could not open input file: /home/shakuyaku/coachtech/advanced/advanced-case/artisan
Could not open input file: /home/shakuyaku/coachtech/advanced/advanced-case/artisan
Could not open input file: /home/shakuyaku/coachtech/advanced/advanced-case/artisan
Could not open input file: /home/shakuyaku/coachtech/advanced/advanced-case/artisan
Could not open input file: /home/shakuyaku/coachtech/advanced/advanced-case/artisan
Could not open input file: /home/shakuyaku/coachtech/advanced/advanced-case/artisan
Could not open input file: /home/shakuyaku/coachtech/advanced/advanced-case/artisan
Could not open input file: /home/shakuyaku/coachtech/advanced/advanced-case/artisan
Could not open input file: artisan
Could not open input file: artisan
Could not open input file: artisan
PHP Warning:  require_once(/home/shakuyaku/coachtech/advanced/advanced-case/bootstrap/app.php): Failed to open stream: No such file or directory in /home/shakuyaku/coachtech/advanced/advanced-case/artisan on line 20
PHP Fatal error:  Uncaught Error: Failed opening required '/home/shakuyaku/coachtech/advanced/advanced-case/bootstrap/app.php' (include_path='.:/usr/share/php') in /home/shakuyaku/coachtech/advanced/advanced-case/artisan:20
Stack trace:
#0 {main}
  thrown in /home/shakuyaku/coachtech/advanced/advanced-case/artisan on line 20
PHP Warning:  require_once(/home/shakuyaku/coachtech/advanced/advanced-case/bootstrap/app.php): Failed to open stream: No such file or directory in /home/shakuyaku/coachtech/advanced/advanced-case/artisan on line 20
PHP Fatal error:  Uncaught Error: Failed opening required '/home/shakuyaku/coachtech/advanced/advanced-case/bootstrap/app.php' (include_path='.:/usr/share/php') in /home/shakuyaku/coachtech/advanced/advanced-case/artisan:20
Stack trace:
#0 {main}
  thrown in /home/shakuyaku/coachtech/advanced/advanced-case/artisan on line 20
PHP Warning:  require_once(/home/shakuyaku/coachtech/advanced/advanced-case/bootstrap/app.php): Failed to open stream: No such file or directory in /home/shakuyaku/coachtech/advanced/advanced-case/artisan on line 20
PHP Fatal error:  Uncaught Error: Failed opening required '/home/shakuyaku/coachtech/advanced/advanced-case/bootstrap/app.php' (include_path='.:/usr/share/php') in /home/shakuyaku/coachtech/advanced/advanced-case/artisan:20
Stack trace:
#0 {main}
  thrown in /home/shakuyaku/coachtech/advanced/advanced-case/artisan on line 20
PHP Warning:  require_once(/home/shakuyaku/coachtech/advanced/advanced-case/bootstrap/app.php): Failed to open stream: No such file or directory in /home/shakuyaku/coachtech/advanced/advanced-case/artisan on line 20
PHP Fatal error:  Uncaught Error: Failed opening required '/home/shakuyaku/coachtech/advanced/advanced-case/bootstrap/app.php' (include_path='.:/usr/share/php') in /home/shakuyaku/coachtech/advanced/advanced-case/artisan:20
Stack trace:
#0 {main}
  thrown in /home/shakuyaku/coachtech/advanced/advanced-case/artisan on line 20
PHP Warning:  require_once(/home/shakuyaku/coachtech/advanced/advanced-case/bootstrap/app.php): Failed to open stream: No such file or directory in /home/shakuyaku/coachtech/advanced/advanced-case/artisan on line 20
PHP Fatal error:  Uncaught Error: Failed opening required '/home/shakuyaku/coachtech/advanced/advanced-case/bootstrap/app.php' (include_path='.:/usr/share/php') in /home/shakuyaku/coachtech/advanced/advanced-case/artisan:20
Stack trace:
#0 {main}
  thrown in /home/shakuyaku/coachtech/advanced/advanced-case/artisan on line 20
PHP Warning:  require_once(/home/shakuyaku/coachtech/advanced/advanced-case/bootstrap/app.php): Failed to open stream: No such file or directory in /home/shakuyaku/coachtech/advanced/advanced-case/artisan on line 20
PHP Fatal error:  Uncaught Error: Failed opening required '/home/shakuyaku/coachtech/advanced/advanced-case/bootstrap/app.php' (include_path='.:/usr/share/php') in /home/shakuyaku/coachtech/advanced/advanced-case/artisan:20
Stack trace:
#0 {main}
  thrown in /home/shakuyaku/coachtech/advanced/advanced-case/artisan on line 20
PHP Warning:  require_once(/home/shakuyaku/coachtech/advanced/advanced-case/bootstrap/app.php): Failed to open stream: No such file or directory in /home/shakuyaku/coachtech/advanced/advanced-case/artisan on line 20
PHP Fatal error:  Uncaught Error: Failed opening required '/home/shakuyaku/coachtech/advanced/advanced-case/bootstrap/app.php' (include_path='.:/usr/share/php') in /home/shakuyaku/coachtech/advanced/advanced-case/artisan:20
Stack trace:
#0 {main}
  thrown in /home/shakuyaku/coachtech/advanced/advanced-case/artisan on line 20
PHP Fatal error:  Uncaught Error: Class "Illuminate\Foundation\Application" not found in /home/shakuyaku/coachtech/advanced/advanced-case/src/bootstrap/app.php:14
Stack trace:
#0 /home/shakuyaku/coachtech/advanced/advanced-case/artisan(18): require()
#1 {main}
  thrown in /home/shakuyaku/coachtech/advanced/advanced-case/src/bootstrap/app.php on line 14
PHP Fatal error:  Uncaught Error: Class "Illuminate\Foundation\Application" not found in /home/shakuyaku/coachtech/advanced/advanced-case/src/bootstrap/app.php:14
Stack trace:
#0 /home/shakuyaku/coachtech/advanced/advanced-case/artisan(18): require()
#1 {main}
  thrown in /home/shakuyaku/coachtech/advanced/advanced-case/src/bootstrap/app.php on line 14
PHP Fatal error:  Uncaught Error: Class "Illuminate\Foundation\Application" not found in /home/shakuyaku/coachtech/advanced/advanced-case/src/bootstrap/app.php:14
Stack trace:
#0 /home/shakuyaku/coachtech/advanced/advanced-case/artisan(18): require()
#1 {main}
  thrown in /home/shakuyaku/coachtech/advanced/advanced-case/src/bootstrap/app.php on line 14
PHP Fatal error:  Uncaught Error: Class "Illuminate\Foundation\Application" not found in /home/shakuyaku/coachtech/advanced/advanced-case/src/bootstrap/app.php:14
Stack trace:
#0 /home/shakuyaku/coachtech/advanced/advanced-case/artisan(18): require()
#1 {main}
  thrown in /home/shakuyaku/coachtech/advanced/advanced-case/src/bootstrap/app.php on line 14
PHP Fatal error:  Uncaught Error: Class "Illuminate\Foundation\Application" not found in /home/shakuyaku/coachtech/advanced/advanced-case/src/bootstrap/app.php:14
Stack trace:
#0 /home/shakuyaku/coachtech/advanced/advanced-case/artisan(18): require()
#1 {main}
  thrown in /home/shakuyaku/coachtech/advanced/advanced-case/src/bootstrap/app.php on line 14
PHP Fatal error:  Uncaught Error: Class "Illuminate\Foundation\Application" not found in /home/shakuyaku/coachtech/advanced/advanced-case/src/bootstrap/app.php:14
Stack trace:
#0 /home/shakuyaku/coachtech/advanced/advanced-case/artisan(18): require()
#1 {main}
  thrown in /home/shakuyaku/coachtech/advanced/advanced-case/src/bootstrap/app.php on line 14
PHP Fatal error:  Uncaught Error: Class "Illuminate\Foundation\Application" not found in /home/shakuyaku/coachtech/advanced/advanced-case/src/bootstrap/app.php:14
Stack trace:
#0 /home/shakuyaku/coachtech/advanced/advanced-case/artisan(18): require()
#1 {main}
  thrown in /home/shakuyaku/coachtech/advanced/advanced-case/src/bootstrap/app.php on line 14
PHP Fatal error:  Uncaught Error: Class "Illuminate\Foundation\Application" not found in /home/shakuyaku/coachtech/advanced/advanced-case/src/bootstrap/app.php:14
Stack trace:
#0 /home/shakuyaku/coachtech/advanced/advanced-case/artisan(18): require()
#1 {main}
  thrown in /home/shakuyaku/coachtech/advanced/advanced-case/src/bootstrap/app.php on line 14
PHP Fatal error:  Uncaught Error: Class "Illuminate\Foundation\Application" not found in /home/shakuyaku/coachtech/advanced/advanced-case/src/bootstrap/app.php:14
Stack trace:
#0 /home/shakuyaku/coachtech/advanced/advanced-case/artisan(18): require()
#1 {main}
  thrown in /home/shakuyaku/coachtech/advanced/advanced-case/src/bootstrap/app.php on line 14
PHP Fatal error:  Uncaught Error: Class "Illuminate\Foundation\Application" not found in /home/shakuyaku/coachtech/advanced/advanced-case/src/bootstrap/app.php:14
Stack trace:
#0 /home/shakuyaku/coachtech/advanced/advanced-case/artisan(18): require()
#1 {main}
  thrown in /home/shakuyaku/coachtech/advanced/advanced-case/src/bootstrap/app.php on line 14
PHP Fatal error:  Uncaught Error: Class "Illuminate\Foundation\Application" not found in /home/shakuyaku/coachtech/advanced/advanced-case/src/bootstrap/app.php:14
Stack trace:
#0 /home/shakuyaku/coachtech/advanced/advanced-case/artisan(18): require()
#1 {main}
  thrown in /home/shakuyaku/coachtech/advanced/advanced-case/src/bootstrap/app.php on line 14
PHP Fatal error:  Uncaught Error: Class "Illuminate\Foundation\Application" not found in /home/shakuyaku/coachtech/advanced/advanced-case/src/bootstrap/app.php:14
Stack trace:
#0 /home/shakuyaku/coachtech/advanced/advanced-case/artisan(18): require()
#1 {main}
  thrown in /home/shakuyaku/coachtech/advanced/advanced-case/src/bootstrap/app.php on line 14
PHP Fatal error:  Uncaught Error: Class "Illuminate\Foundation\Application" not found in /home/shakuyaku/coachtech/advanced/advanced-case/src/bootstrap/app.php:14
Stack trace:
#0 /home/shakuyaku/coachtech/advanced/advanced-case/artisan(18): require()
#1 {main}
  thrown in /home/shakuyaku/coachtech/advanced/advanced-case/src/bootstrap/app.php on line 14
PHP Fatal error:  Uncaught Error: Class "Illuminate\Foundation\Application" not found in /home/shakuyaku/coachtech/advanced/advanced-case/src/bootstrap/app.php:14
Stack trace:
#0 /home/shakuyaku/coachtech/advanced/advanced-case/artisan(18): require()
#1 {main}
  thrown in /home/shakuyaku/coachtech/advanced/advanced-case/src/bootstrap/app.php on line 14
PHP Fatal error:  Uncaught Error: Class "Illuminate\Foundation\Application" not found in /home/shakuyaku/coachtech/advanced/advanced-case/src/bootstrap/app.php:14
Stack trace:
#0 /home/shakuyaku/coachtech/advanced/advanced-case/artisan(18): require()
#1 {main}
  thrown in /home/shakuyaku/coachtech/advanced/advanced-case/src/bootstrap/app.php on line 14
PHP Fatal error:  Uncaught Error: Class "Illuminate\Foundation\Application" not found in /home/shakuyaku/coachtech/advanced/advanced-case/src/bootstrap/app.php:14
Stack trace:
#0 /home/shakuyaku/coachtech/advanced/advanced-case/artisan(18): require()
#1 {main}
  thrown in /home/shakuyaku/coachtech/advanced/advanced-case/src/bootstrap/app.php on line 14
PHP Fatal error:  Uncaught Error: Class "Illuminate\Foundation\Application" not found in /home/shakuyaku/coachtech/advanced/advanced-case/src/bootstrap/app.php:14
Stack trace:
#0 /home/shakuyaku/coachtech/advanced/advanced-case/artisan(18): require()
#1 {main}
  thrown in /home/shakuyaku/coachtech/advanced/advanced-case/src/bootstrap/app.php on line 14
PHP Warning:  require_once(/home/shakuyaku/coachtech/advanced/advanced-case/bootstrap/app.php): Failed to open stream: No such file or directory in /home/shakuyaku/coachtech/advanced/advanced-case/artisan on line 20
PHP Fatal error:  Uncaught Error: Failed opening required '/home/shakuyaku/coachtech/advanced/advanced-case/bootstrap/app.php' (include_path='.:/usr/share/php') in /home/shakuyaku/coachtech/advanced/advanced-case/artisan:20
Stack trace:
#0 {main}
  thrown in /home/shakuyaku/coachtech/advanced/advanced-case/artisan on line 20
PHP Warning:  require_once(/home/shakuyaku/coachtech/advanced/advanced-case/bootstrap/app.php): Failed to open stream: No such file or directory in /home/shakuyaku/coachtech/advanced/advanced-case/artisan on line 20
PHP Fatal error:  Uncaught Error: Failed opening required '/home/shakuyaku/coachtech/advanced/advanced-case/bootstrap/app.php' (include_path='.:/usr/share/php') in /home/shakuyaku/coachtech/advanced/advanced-case/artisan:20
Stack trace:
#0 {main}
  thrown in /home/shakuyaku/coachtech/advanced/advanced-case/artisan on line 20
PHP Warning:  require_once(/home/shakuyaku/coachtech/advanced/advanced-case/bootstrap/app.php): Failed to open stream: No such file or directory in /home/shakuyaku/coachtech/advanced/advanced-case/artisan on line 20
PHP Fatal error:  Uncaught Error: Failed opening required '/home/shakuyaku/coachtech/advanced/advanced-case/bootstrap/app.php' (include_path='.:/usr/share/php') in /home/shakuyaku/coachtech/advanced/advanced-case/artisan:20
Stack trace:
#0 {main}
  thrown in /home/shakuyaku/coachtech/advanced/advanced-case/artisan on line 20
PHP Warning:  require_once(/home/shakuyaku/coachtech/advanced/advanced-case/bootstrap/app.php): Failed to open stream: No such file or directory in /home/shakuyaku/coachtech/advanced/advanced-case/artisan on line 20
PHP Fatal error:  Uncaught Error: Failed opening required '/home/shakuyaku/coachtech/advanced/advanced-case/bootstrap/app.php' (include_path='.:/usr/share/php') in /home/shakuyaku/coachtech/advanced/advanced-case/artisan:20
Stack trace:
#0 {main}
  thrown in /home/shakuyaku/coachtech/advanced/advanced-case/artisan on line 20
PHP Warning:  require_once(/home/shakuyaku/coachtech/advanced/advanced-case/bootstrap/app.php): Failed to open stream: No such file or directory in /home/shakuyaku/coachtech/advanced/advanced-case/artisan on line 20
PHP Fatal error:  Uncaught Error: Failed opening required '/home/shakuyaku/coachtech/advanced/advanced-case/bootstrap/app.php' (include_path='.:/usr/share/php') in /home/shakuyaku/coachtech/advanced/advanced-case/artisan:20
Stack trace:
#0 {main}
  thrown in /home/shakuyaku/coachtech/advanced/advanced-case/artisan on line 20
PHP Warning:  require_once(/home/shakuyaku/coachtech/advanced/advanced-case/bootstrap/app.php): Failed to open stream: No such file or directory in /home/shakuyaku/coachtech/advanced/advanced-case/artisan on line 20
PHP Fatal error:  Uncaught Error: Failed opening required '/home/shakuyaku/coachtech/advanced/advanced-case/bootstrap/app.php' (include_path='.:/usr/share/php') in /home/shakuyaku/coachtech/advanced/advanced-case/artisan:20
Stack trace:
#0 {main}
  thrown in /home/shakuyaku/coachtech/advanced/advanced-case/artisan on line 20
PHP Warning:  require_once(/home/shakuyaku/coachtech/advanced/advanced-case/bootstrap/app.php): Failed to open stream: No such file or directory in /home/shakuyaku/coachtech/advanced/advanced-case/artisan on line 20
PHP Fatal error:  Uncaught Error: Failed opening required '/home/shakuyaku/coachtech/advanced/advanced-case/bootstrap/app.php' (include_path='.:/usr/share/php') in /home/shakuyaku/coachtech/advanced/advanced-case/artisan:20
Stack trace:
#0 {main}
  thrown in /home/shakuyaku/coachtech/advanced/advanced-case/artisan on line 20
PHP Warning:  require_once(/home/shakuyaku/coachtech/advanced/advanced-case/bootstrap/app.php): Failed to open stream: No such file or directory in /home/shakuyaku/coachtech/advanced/advanced-case/artisan on line 20
PHP Fatal error:  Uncaught Error: Failed opening required '/home/shakuyaku/coachtech/advanced/advanced-case/bootstrap/app.php' (include_path='.:/usr/share/php') in /home/shakuyaku/coachtech/advanced/advanced-case/artisan:20
Stack trace:
#0 {main}
  thrown in /home/shakuyaku/coachtech/advanced/advanced-case/artisan on line 20
PHP Warning:  require_once(/home/shakuyaku/coachtech/advanced/advanced-case/bootstrap/app.php): Failed to open stream: No such file or directory in /home/shakuyaku/coachtech/advanced/advanced-case/artisan on line 20
PHP Fatal error:  Uncaught Error: Failed opening required '/home/shakuyaku/coachtech/advanced/advanced-case/bootstrap/app.php' (include_path='.:/usr/share/php') in /home/shakuyaku/coachtech/advanced/advanced-case/artisan:20
Stack trace:
#0 {main}
  thrown in /home/shakuyaku/coachtech/advanced/advanced-case/artisan on line 20
PHP Warning:  require_once(/home/shakuyaku/coachtech/advanced/advanced-case/bootstrap/app.php): Failed to open stream: No such file or directory in /home/shakuyaku/coachtech/advanced/advanced-case/artisan on line 20
PHP Fatal error:  Uncaught Error: Failed opening required '/home/shakuyaku/coachtech/advanced/advanced-case/bootstrap/app.php' (include_path='.:/usr/share/php') in /home/shakuyaku/coachtech/advanced/advanced-case/artisan:20
Stack trace:
#0 {main}
  thrown in /home/shakuyaku/coachtech/advanced/advanced-case/artisan on line 20
PHP Warning:  require_once(/home/shakuyaku/coachtech/advanced/advanced-case/bootstrap/app.php): Failed to open stream: No such file or directory in /home/shakuyaku/coachtech/advanced/advanced-case/artisan on line 20
PHP Fatal error:  Uncaught Error: Failed opening required '/home/shakuyaku/coachtech/advanced/advanced-case/bootstrap/app.php' (include_path='.:/usr/share/php') in /home/shakuyaku/coachtech/advanced/advanced-case/artisan:20
Stack trace:
#0 {main}
  thrown in /home/shakuyaku/coachtech/advanced/advanced-case/artisan on line 20
PHP Warning:  require_once(/home/shakuyaku/coachtech/advanced/advanced-case/bootstrap/app.php): Failed to open stream: No such file or directory in /home/shakuyaku/coachtech/advanced/advanced-case/artisan on line 20
PHP Fatal error:  Uncaught Error: Failed opening required '/home/shakuyaku/coachtech/advanced/advanced-case/bootstrap/app.php' (include_path='.:/usr/share/php') in /home/shakuyaku/coachtech/advanced/advanced-case/artisan:20
Stack trace:
#0 {main}
  thrown in /home/shakuyaku/coachtech/advanced/advanced-case/artisan on line 20
PHP Warning:  require_once(/home/shakuyaku/coachtech/advanced/advanced-case/bootstrap/app.php): Failed to open stream: No such file or directory in /home/shakuyaku/coachtech/advanced/advanced-case/artisan on line 20
PHP Fatal error:  Uncaught Error: Failed opening required '/home/shakuyaku/coachtech/advanced/advanced-case/bootstrap/app.php' (include_path='.:/usr/share/php') in /home/shakuyaku/coachtech/advanced/advanced-case/artisan:20
Stack trace:
#0 {main}
  thrown in /home/shakuyaku/coachtech/advanced/advanced-case/artisan on line 20
PHP Warning:  require_once(/home/shakuyaku/coachtech/advanced/advanced-case/bootstrap/app.php): Failed to open stream: No such file or directory in /home/shakuyaku/coachtech/advanced/advanced-case/artisan on line 20
PHP Fatal error:  Uncaught Error: Failed opening required '/home/shakuyaku/coachtech/advanced/advanced-case/bootstrap/app.php' (include_path='.:/usr/share/php') in /home/shakuyaku/coachtech/advanced/advanced-case/artisan:20
Stack trace:
#0 {main}
  thrown in /home/shakuyaku/coachtech/advanced/advanced-case/artisan on line 20
PHP Warning:  require_once(/home/shakuyaku/coachtech/advanced/advanced-case/bootstrap/app.php): Failed to open stream: No such file or directory in /home/shakuyaku/coachtech/advanced/advanced-case/artisan on line 20
PHP Fatal error:  Uncaught Error: Failed opening required '/home/shakuyaku/coachtech/advanced/advanced-case/bootstrap/app.php' (include_path='.:/usr/share/php') in /home/shakuyaku/coachtech/advanced/advanced-case/artisan:20
Stack trace:
#0 {main}
  thrown in /home/shakuyaku/coachtech/advanced/advanced-case/artisan on line 20
PHP Warning:  require_once(/home/shakuyaku/coachtech/advanced/advanced-case/bootstrap/app.php): Failed to open stream: No such file or directory in /home/shakuyaku/coachtech/advanced/advanced-case/artisan on line 20
PHP Fatal error:  Uncaught Error: Failed opening required '/home/shakuyaku/coachtech/advanced/advanced-case/bootstrap/app.php' (include_path='.:/usr/share/php') in /home/shakuyaku/coachtech/advanced/advanced-case/artisan:20
Stack trace:
#0 {main}
  thrown in /home/shakuyaku/coachtech/advanced/advanced-case/artisan on line 20
PHP Warning:  require_once(/home/shakuyaku/coachtech/advanced/advanced-case/bootstrap/app.php): Failed to open stream: No such file or directory in /home/shakuyaku/coachtech/advanced/advanced-case/artisan on line 20
PHP Fatal error:  Uncaught Error: Failed opening required '/home/shakuyaku/coachtech/advanced/advanced-case/bootstrap/app.php' (include_path='.:/usr/share/php') in /home/shakuyaku/coachtech/advanced/advanced-case/artisan:20
Stack trace:
#0 {main}
  thrown in /home/shakuyaku/coachtech/advanced/advanced-case/artisan on line 20
PHP Warning:  require_once(/home/shakuyaku/coachtech/advanced/advanced-case/bootstrap/app.php): Failed to open stream: No such file or directory in /home/shakuyaku/coachtech/advanced/advanced-case/artisan on line 20
PHP Fatal error:  Uncaught Error: Failed opening required '/home/shakuyaku/coachtech/advanced/advanced-case/bootstrap/app.php' (include_path='.:/usr/share/php') in /home/shakuyaku/coachtech/advanced/advanced-case/artisan:20
Stack trace:
#0 {main}
  thrown in /home/shakuyaku/coachtech/advanced/advanced-case/artisan on line 20
PHP Warning:  require_once(/home/shakuyaku/coachtech/advanced/advanced-case/bootstrap/app.php): Failed to open stream: No such file or directory in /home/shakuyaku/coachtech/advanced/advanced-case/artisan on line 20
PHP Fatal error:  Uncaught Error: Failed opening required '/home/shakuyaku/coachtech/advanced/advanced-case/bootstrap/app.php' (include_path='.:/usr/share/php') in /home/shakuyaku/coachtech/advanced/advanced-case/artisan:20
Stack trace:
#0 {main}
  thrown in /home/shakuyaku/coachtech/advanced/advanced-case/artisan on line 20
PHP Warning:  require_once(/home/shakuyaku/coachtech/advanced/advanced-case/bootstrap/app.php): Failed to open stream: No such file or directory in /home/shakuyaku/coachtech/advanced/advanced-case/artisan on line 20
PHP Fatal error:  Uncaught Error: Failed opening required '/home/shakuyaku/coachtech/advanced/advanced-case/bootstrap/app.php' (include_path='.:/usr/share/php') in /home/shakuyaku/coachtech/advanced/advanced-case/artisan:20
Stack trace:
#0 {main}
  thrown in /home/shakuyaku/coachtech/advanced/advanced-case/artisan on line 20
PHP Warning:  require_once(/home/shakuyaku/coachtech/advanced/advanced-case/bootstrap/app.php): Failed to open stream: No such file or directory in /home/shakuyaku/coachtech/advanced/advanced-case/artisan on line 20
PHP Fatal error:  Uncaught Error: Failed opening required '/home/shakuyaku/coachtech/advanced/advanced-case/bootstrap/app.php' (include_path='.:/usr/share/php') in /home/shakuyaku/coachtech/advanced/advanced-case/artisan:20
Stack trace:
#0 {main}
  thrown in /home/shakuyaku/coachtech/advanced/advanced-case/artisan on line 20
PHP Warning:  require_once(/home/shakuyaku/coachtech/advanced/advanced-case/bootstrap/app.php): Failed to open stream: No such file or directory in /home/shakuyaku/coachtech/advanced/advanced-case/artisan on line 20
PHP Fatal error:  Uncaught Error: Failed opening required '/home/shakuyaku/coachtech/advanced/advanced-case/bootstrap/app.php' (include_path='.:/usr/share/php') in /home/shakuyaku/coachtech/advanced/advanced-case/artisan:20
Stack trace:
#0 {main}
  thrown in /home/shakuyaku/coachtech/advanced/advanced-case/artisan on line 20
PHP Warning:  require_once(/home/shakuyaku/coachtech/advanced/advanced-case/bootstrap/app.php): Failed to open stream: No such file or directory in /home/shakuyaku/coachtech/advanced/advanced-case/artisan on line 20
PHP Fatal error:  Uncaught Error: Failed opening required '/home/shakuyaku/coachtech/advanced/advanced-case/bootstrap/app.php' (include_path='.:/usr/share/php') in /home/shakuyaku/coachtech/advanced/advanced-case/artisan:20
Stack trace:
#0 {main}
  thrown in /home/shakuyaku/coachtech/advanced/advanced-case/artisan on line 20
PHP Warning:  require_once(/home/shakuyaku/coachtech/advanced/advanced-case/bootstrap/app.php): Failed to open stream: No such file or directory in /home/shakuyaku/coachtech/advanced/advanced-case/artisan on line 20
PHP Fatal error:  Uncaught Error: Failed opening required '/home/shakuyaku/coachtech/advanced/advanced-case/bootstrap/app.php' (include_path='.:/usr/share/php') in /home/shakuyaku/coachtech/advanced/advanced-case/artisan:20
Stack trace:
#0 {main}
  thrown in /home/shakuyaku/coachtech/advanced/advanced-case/artisan on line 20
PHP Warning:  require_once(/home/shakuyaku/coachtech/advanced/advanced-case/bootstrap/app.php): Failed to open stream: No such file or directory in /home/shakuyaku/coachtech/advanced/advanced-case/artisan on line 20
PHP Fatal error:  Uncaught Error: Failed opening required '/home/shakuyaku/coachtech/advanced/advanced-case/bootstrap/app.php' (include_path='.:/usr/share/php') in /home/shakuyaku/coachtech/advanced/advanced-case/artisan:20
Stack trace:
#0 {main}
  thrown in /home/shakuyaku/coachtech/advanced/advanced-case/artisan on line 20
PHP Warning:  require_once(/home/shakuyaku/coachtech/advanced/advanced-case/bootstrap/app.php): Failed to open stream: No such file or directory in /home/shakuyaku/coachtech/advanced/advanced-case/artisan on line 20
PHP Fatal error:  Uncaught Error: Failed opening required '/home/shakuyaku/coachtech/advanced/advanced-case/bootstrap/app.php' (include_path='.:/usr/share/php') in /home/shakuyaku/coachtech/advanced/advanced-case/artisan:20
Stack trace:
#0 {main}
  thrown in /home/shakuyaku/coachtech/advanced/advanced-case/artisan on line 20
PHP Warning:  require_once(/home/shakuyaku/coachtech/advanced/advanced-case/bootstrap/app.php): Failed to open stream: No such file or directory in /home/shakuyaku/coachtech/advanced/advanced-case/artisan on line 20
PHP Fatal error:  Uncaught Error: Failed opening required '/home/shakuyaku/coachtech/advanced/advanced-case/bootstrap/app.php' (include_path='.:/usr/share/php') in /home/shakuyaku/coachtech/advanced/advanced-case/artisan:20
Stack trace:
#0 {main}
  thrown in /home/shakuyaku/coachtech/advanced/advanced-case/artisan on line 20
PHP Warning:  require_once(/home/shakuyaku/coachtech/advanced/advanced-case/bootstrap/app.php): Failed to open stream: No such file or directory in /home/shakuyaku/coachtech/advanced/advanced-case/artisan on line 20
PHP Fatal error:  Uncaught Error: Failed opening required '/home/shakuyaku/coachtech/advanced/advanced-case/bootstrap/app.php' (include_path='.:/usr/share/php') in /home/shakuyaku/coachtech/advanced/advanced-case/artisan:20
Stack trace:
#0 {main}
  thrown in /home/shakuyaku/coachtech/advanced/advanced-case/artisan on line 20
PHP Warning:  require_once(/home/shakuyaku/coachtech/advanced/advanced-case/bootstrap/app.php): Failed to open stream: No such file or directory in /home/shakuyaku/coachtech/advanced/advanced-case/artisan on line 20
PHP Fatal error:  Uncaught Error: Failed opening required '/home/shakuyaku/coachtech/advanced/advanced-case/bootstrap/app.php' (include_path='.:/usr/share/php') in /home/shakuyaku/coachtech/advanced/advanced-case/artisan:20
Stack trace:
#0 {main}
  thrown in /home/shakuyaku/coachtech/advanced/advanced-case/artisan on line 20
PHP Warning:  require_once(/home/shakuyaku/coachtech/advanced/advanced-case/bootstrap/app.php): Failed to open stream: No such file or directory in /home/shakuyaku/coachtech/advanced/advanced-case/artisan on line 20
PHP Fatal error:  Uncaught Error: Failed opening required '/home/shakuyaku/coachtech/advanced/advanced-case/bootstrap/app.php' (include_path='.:/usr/share/php') in /home/shakuyaku/coachtech/advanced/advanced-case/artisan:20
Stack trace:
#0 {main}
  thrown in /home/shakuyaku/coachtech/advanced/advanced-case/artisan on line 20
PHP Warning:  require_once(/home/shakuyaku/coachtech/advanced/advanced-case/bootstrap/app.php): Failed to open stream: No such file or directory in /home/shakuyaku/coachtech/advanced/advanced-case/artisan on line 20
PHP Fatal error:  Uncaught Error: Failed opening required '/home/shakuyaku/coachtech/advanced/advanced-case/bootstrap/app.php' (include_path='.:/usr/share/php') in /home/shakuyaku/coachtech/advanced/advanced-case/artisan:20
Stack trace:
#0 {main}
  thrown in /home/shakuyaku/coachtech/advanced/advanced-case/artisan on line 20
Could not open input file: artisan
Could not open input file: artisan
Could not open input file: artisan
Could not open input file: artisan
Could not open input file: artisan
Could not open input file: artisan
Could not open input file: artisan
Could not open input file: artisan
Could not open input file: artisan
Could not open input file: artisan
Could not open input file: artisan
Could not open input file: artisan
Could not open input file: artisan
Could not open input file: artisan
Could not open input file: artisan
Could not open input file: artisan
Could not open input file: artisan
Could not open input file: artisan
Could not open input file: artisan
Could not open input file: artisan
Could not open input file: artisan
Could not open input file: artisan
Could not open input file: artisan
Could not open input file: artisan
Could not open input file: artisan
Could not open input file: artisan
Could not open input file: artisan
Could not open input file: artisan
Could not open input file: artisan
Could not open input file: artisan
Could not open input file: artisan
Could not open input file: artisan
Could not open input file: artisan
Could not open input file: artisan
Could not open input file: artisan
Could not open input file: artisan
Could not open input file: artisan
Could not open input file: artisan
Could not open input file: artisan
Could not open input file: artisan
Could not open input file: artisan
Could not open input file: artisan
